2025-10-31 22:19:14 [[32minfo[39m]: ✅ Database connection established successfully
2025-10-31 22:19:48 [[32minfo[39m]: ✅ Database connection established successfully
2025-10-31 22:19:48 [[32minfo[39m]: Server running on port 3000
2025-10-31 22:20:56 [[31merror[39m]: Database query error:
2025-10-31 22:20:56 [[32minfo[39m]: ::1 - - [31/Oct/2025:16:50:56 +0000] "POST /api/v1/auth/register HTTP/1.1" 500 156 "-" "PostmanRuntime/7.49.1"
2025-10-31 22:23:18 [[31merror[39m]: Database query error:
2025-10-31 22:23:18 [[32minfo[39m]: ::1 - - [31/Oct/2025:16:53:18 +0000] "POST /api/v1/auth/register HTTP/1.1" 500 156 "-" "PostmanRuntime/7.49.1"
2025-10-31 22:25:25 [[31merror[39m]: Database query error:
2025-10-31 22:25:25 [[32minfo[39m]: ::1 - - [31/Oct/2025:16:55:25 +0000] "POST /api/v1/auth/register HTTP/1.1" 500 156 "-" "PostmanRuntime/7.49.1"
2025-10-31 22:31:24 [[32minfo[39m]: ::1 - - [31/Oct/2025:17:01:24 +0000] "POST /api/v1/auth/register HTTP/1.1" 409 132 "-" "PostmanRuntime/7.49.1"
2025-10-31 22:31:32 [[32minfo[39m]: ::1 - - [31/Oct/2025:17:01:32 +0000] "POST /api/v1/auth/register HTTP/1.1" 422 210 "-" "PostmanRuntime/7.49.1"
2025-10-31 22:31:45 [[31merror[39m]: Database query error:
2025-10-31 22:31:45 [[32minfo[39m]: ::1 - - [31/Oct/2025:17:01:45 +0000] "POST /api/v1/auth/register HTTP/1.1" 500 174 "-" "PostmanRuntime/7.49.1"
2025-10-31 22:31:52 [[32minfo[39m]: ::1 - - [31/Oct/2025:17:01:52 +0000] "POST /api/v1/auth/register HTTP/1.1" 200 87 "-" "PostmanRuntime/7.49.1"
2025-10-31 23:13:40 [[31merror[39m]: Error: Can't add new command when connection is in closed state
    at PromisePool.end (/Users/suraj.kumar/Desktop/splibuddy server/node_modules/mysql2/lib/promise/pool.js:72:22)
    at process.gracefulShutdown (/Users/suraj.kumar/Desktop/splibuddy server/src/config/database.js:62:8)
    at process.emit (node:events:519:28)
2025-10-31 23:13:42 [[31merror[39m]: Error: Can't add new command when connection is in closed state
    at PromisePool.end (/Users/suraj.kumar/Desktop/splibuddy server/node_modules/mysql2/lib/promise/pool.js:72:22)
    at process.gracefulShutdown (/Users/suraj.kumar/Desktop/splibuddy server/src/config/database.js:62:8)
    at process.emit (node:events:519:28)
2025-10-31 23:13:44 [[31merror[39m]: Error: Can't add new command when connection is in closed state
    at PromisePool.end (/Users/suraj.kumar/Desktop/splibuddy server/node_modules/mysql2/lib/promise/pool.js:72:22)
    at process.gracefulShutdown (/Users/suraj.kumar/Desktop/splibuddy server/src/config/database.js:62:8)
    at process.emit (node:events:519:28)
2025-10-31 23:13:51 [[31merror[39m]: Error: Can't add new command when connection is in closed state
    at PromisePool.end (/Users/suraj.kumar/Desktop/splibuddy server/node_modules/mysql2/lib/promise/pool.js:72:22)
    at process.gracefulShutdown (/Users/suraj.kumar/Desktop/splibuddy server/src/config/database.js:62:8)
    at process.emit (node:events:519:28)
2025-10-31 23:14:05 [[31merror[39m]: Error: Can't add new command when connection is in closed state
    at PromisePool.end (/Users/suraj.kumar/Desktop/splibuddy server/node_modules/mysql2/lib/promise/pool.js:72:22)
    at process.gracefulShutdown (/Users/suraj.kumar/Desktop/splibuddy server/src/config/database.js:62:8)
    at process.emit (node:events:519:28)
2025-10-31 23:14:08 [[31merror[39m]: Error: Can't add new command when connection is in closed state
    at PromisePool.end (/Users/suraj.kumar/Desktop/splibuddy server/node_modules/mysql2/lib/promise/pool.js:72:22)
    at process.gracefulShutdown (/Users/suraj.kumar/Desktop/splibuddy server/src/config/database.js:62:8)
    at process.emit (node:events:519:28)
2025-10-31 23:14:26 [[32minfo[39m]: ✅ Database connection established successfully
2025-10-31 23:14:26 [[32minfo[39m]: Server running on port 3000
2025-10-31 23:14:32 [[31merror[39m]: Error: Can't add new command when connection is in closed state
    at PromisePool.end (/Users/suraj.kumar/Desktop/splibuddy server/node_modules/mysql2/lib/promise/pool.js:72:22)
    at process.gracefulShutdown (/Users/suraj.kumar/Desktop/splibuddy server/src/config/database.js:62:8)
    at process.emit (node:events:519:28)
2025-10-31 23:14:33 [[31merror[39m]: Error: Can't add new command when connection is in closed state
    at PromisePool.end (/Users/suraj.kumar/Desktop/splibuddy server/node_modules/mysql2/lib/promise/pool.js:72:22)
    at process.gracefulShutdown (/Users/suraj.kumar/Desktop/splibuddy server/src/config/database.js:62:8)
    at process.emit (node:events:519:28)
2025-10-31 23:16:01 [[32minfo[39m]: ✅ Database connection established successfully
2025-10-31 23:16:01 [[32minfo[39m]: ✅ Database connection successful.
2025-10-31 23:16:21 [[32minfo[39m]: ✅ Database connection established successfully
2025-10-31 23:16:21 [[32minfo[39m]: ✅ Database connection successful.
2025-10-31 23:18:18 [[32minfo[39m]: ✅ Database connection established successfully
2025-10-31 23:18:18 [[32minfo[39m]: ✅ Database connection successful.
2025-10-31 23:20:12 [[32minfo[39m]: - - - [31/Oct/2025:17:50:12 +0000] "GET / HTTP/1.1" 404 139 "-" "PostmanRuntime/7.49.1"
2025-10-31 23:20:13 [[32minfo[39m]: ✅ Database connection established successfully
2025-10-31 23:20:13 [[32minfo[39m]: ✅ Database connection successful.
2025-10-31 23:20:21 [[32minfo[39m]: ✅ Database connection established successfully
2025-10-31 23:20:21 [[32minfo[39m]: ✅ Database connection successful.
2025-10-31 23:20:22 [[32minfo[39m]: - - - [31/Oct/2025:17:50:22 +0000] "GET / HTTP/1.1" 404 139 "-" "PostmanRuntime/7.49.1"
2025-10-31 23:20:22 [[32minfo[39m]: ✅ Database connection established successfully
2025-10-31 23:20:22 [[32minfo[39m]: ✅ Database connection successful.
2025-10-31 23:21:53 [[32minfo[39m]: - - - [31/Oct/2025:17:51:53 +0000] "GET / HTTP/1.1" 404 139 "-" "PostmanRuntime/7.49.1"
2025-10-31 23:21:53 [[32minfo[39m]: ✅ Database connection established successfully
2025-10-31 23:21:53 [[32minfo[39m]: ✅ Database connection successful.
2025-10-31 23:24:14 [[32minfo[39m]: - - - [31/Oct/2025:17:54:14 +0000] "GET / HTTP/1.1" 200 33 "-" "PostmanRuntime/7.49.1"
2025-10-31 23:24:15 [[32minfo[39m]: ✅ Database connection established successfully
2025-10-31 23:24:15 [[32minfo[39m]: ✅ Database connection successful.
2025-10-31 23:25:19 [[32minfo[39m]: - - - [31/Oct/2025:17:55:19 +0000] "GET / HTTP/1.1" 200 33 "-" "PostmanRuntime/7.49.1"
2025-10-31 23:25:20 [[32minfo[39m]: ✅ Database connection established successfully
2025-10-31 23:25:20 [[32minfo[39m]: ✅ Database connection successful.
2025-10-31 23:28:46 [[32minfo[39m]: - - - [31/Oct/2025:17:58:46 +0000] "GET / HTTP/1.1" 200 33 "-" "PostmanRuntime/7.49.1"
2025-10-31 23:28:47 [[32minfo[39m]: ✅ Database connection established successfully
2025-10-31 23:28:47 [[32minfo[39m]: ✅ Database connection successful.
2025-10-31 23:29:28 [[32minfo[39m]: - - - [31/Oct/2025:17:59:28 +0000] "GET / HTTP/1.1" 200 33 "-" "PostmanRuntime/7.49.1"
2025-10-31 23:29:28 [[32minfo[39m]: ✅ Database connection established successfully
2025-10-31 23:29:28 [[32minfo[39m]: ✅ Database connection successful.
2025-10-31 23:29:50 [[32minfo[39m]: - - - [31/Oct/2025:17:59:50 +0000] "GET / HTTP/1.1" 200 33 "-" "PostmanRuntime/7.49.1"
2025-10-31 23:29:50 [[32minfo[39m]: ✅ Database connection established successfully
2025-10-31 23:29:50 [[32minfo[39m]: ✅ Database connection successful.
2025-10-31 23:30:05 [[32minfo[39m]: - - - [31/Oct/2025:18:00:05 +0000] "GET / HTTP/1.1" 200 33 "-" "PostmanRuntime/7.49.1"
2025-10-31 23:30:06 [[32minfo[39m]: ✅ Database connection established successfully
2025-10-31 23:30:06 [[32minfo[39m]: ✅ Database connection successful.
2025-10-31 23:31:10 [[32minfo[39m]: - - - [31/Oct/2025:18:01:10 +0000] "GET / HTTP/1.1" 200 33 "-" "PostmanRuntime/7.49.1"
2025-10-31 23:31:10 [[32minfo[39m]: ✅ Database connection established successfully
2025-10-31 23:31:10 [[32minfo[39m]: ✅ Database connection successful.
2025-10-31 23:31:46 [[32minfo[39m]: ✅ Database connection successful.
2025-10-31 23:31:46 [[32minfo[39m]: - - - [31/Oct/2025:18:01:46 +0000] "GET / HTTP/1.1" 200 33 "-" "PostmanRuntime/7.49.1"
2025-10-31 23:32:16 [[32minfo[39m]: ✅ Database connection successful.
2025-10-31 23:32:16 [[32minfo[39m]: - - - [31/Oct/2025:18:02:16 +0000] "GET / HTTP/1.1" 200 33 "-" "PostmanRuntime/7.49.1"
2025-10-31 23:32:34 [[32minfo[39m]: ✅ Database connection successful.
2025-10-31 23:32:34 [[32minfo[39m]: - - - [31/Oct/2025:18:02:34 +0000] "GET / HTTP/1.1" 200 33 "-" "PostmanRuntime/7.49.1"
2025-10-31 23:33:06 [[32minfo[39m]: ✅ Database connection successful.
2025-10-31 23:33:37 [[32minfo[39m]: ✅ Database connection successful.
2025-10-31 23:35:13 [[32minfo[39m]: ✅ Database connection successful.
2025-10-31 23:35:21 [[32minfo[39m]: ✅ Database connection successful.
2025-10-31 23:35:24 [[32minfo[39m]: ✅ Database connection successful.
2025-10-31 23:35:38 [[32minfo[39m]: ✅ Database connection established successfully
2025-10-31 23:35:38 [[32minfo[39m]: ✅ Database connection successful.
2025-10-31 23:37:08 [[32minfo[39m]: ✅ Database connection established successfully
2025-10-31 23:37:08 [[32minfo[39m]: ✅ Database connection successful.
2025-10-31 23:37:34 [[32minfo[39m]: ✅ Database connection established successfully
2025-10-31 23:37:34 [[32minfo[39m]: ✅ Database connection successful.
2025-10-31 23:37:59 [[32minfo[39m]: ✅ Database connection established successfully
2025-10-31 23:37:59 [[32minfo[39m]: Server running on port 3000
2025-10-31 23:38:28 [[31merror[39m]: Error: Can't add new command when connection is in closed state
    at PromisePool.end (/Users/suraj.kumar/Desktop/splibuddy server/node_modules/mysql2/lib/promise/pool.js:72:22)
    at process.gracefulShutdown (/Users/suraj.kumar/Desktop/splibuddy server/src/config/database.js:62:8)
    at process.emit (node:events:519:28)
2025-10-31 23:38:29 [[31merror[39m]: Error: Can't add new command when connection is in closed state
    at PromisePool.end (/Users/suraj.kumar/Desktop/splibuddy server/node_modules/mysql2/lib/promise/pool.js:72:22)
    at process.gracefulShutdown (/Users/suraj.kumar/Desktop/splibuddy server/src/config/database.js:62:8)
    at process.emit (node:events:519:28)
2025-10-31 23:38:31 [[31merror[39m]: Error: Can't add new command when connection is in closed state
    at PromisePool.end (/Users/suraj.kumar/Desktop/splibuddy server/node_modules/mysql2/lib/promise/pool.js:72:22)
    at process.gracefulShutdown (/Users/suraj.kumar/Desktop/splibuddy server/src/config/database.js:62:8)
    at process.emit (node:events:519:28)
2025-10-31 23:38:34 [[31merror[39m]: Error: Can't add new command when connection is in closed state
    at PromisePool.end (/Users/suraj.kumar/Desktop/splibuddy server/node_modules/mysql2/lib/promise/pool.js:72:22)
    at process.gracefulShutdown (/Users/suraj.kumar/Desktop/splibuddy server/src/config/database.js:62:8)
    at process.emit (node:events:519:28)
2025-10-31 23:38:39 [[32minfo[39m]: ✅ Database connection established successfully
2025-10-31 23:39:31 [[32minfo[39m]: ✅ Database connection established successfully
2025-10-31 23:39:31 [[32minfo[39m]: Server running on port 3000
2025-10-31 23:41:15 [[32minfo[39m]: ✅ Database connection established successfully
2025-10-31 23:41:49 [[32minfo[39m]: ✅ Database connection established successfully
2025-10-31 23:41:49 [[32minfo[39m]: Server running on port 3000
2025-10-31 23:41:52 [[32minfo[39m]: ::1 - - [31/Oct/2025:18:11:52 +0000] "POST /test HTTP/1.1" 200 34 "-" "-"
2025-10-31 23:41:53 [[32minfo[39m]: ::1 - - [31/Oct/2025:18:11:53 +0000] "POST /test HTTP/1.1" 200 34 "-" "-"
2025-10-31 23:41:53 [[32minfo[39m]: ::1 - - [31/Oct/2025:18:11:53 +0000] "POST /test HTTP/1.1" 200 34 "-" "-"
2025-10-31 23:42:00 [[31merror[39m]: Error: Can't add new command when connection is in closed state
    at PromisePool.end (/Users/suraj.kumar/Desktop/splibuddy server/node_modules/mysql2/lib/promise/pool.js:72:22)
    at process.gracefulShutdown (/Users/suraj.kumar/Desktop/splibuddy server/src/config/database.js:62:8)
    at process.emit (node:events:519:28)
2025-10-31 23:42:01 [[31merror[39m]: Error: Can't add new command when connection is in closed state
    at PromisePool.end (/Users/suraj.kumar/Desktop/splibuddy server/node_modules/mysql2/lib/promise/pool.js:72:22)
    at process.gracefulShutdown (/Users/suraj.kumar/Desktop/splibuddy server/src/config/database.js:62:8)
    at process.emit (node:events:519:28)
2025-10-31 23:42:03 [[31merror[39m]: Error: Can't add new command when connection is in closed state
    at PromisePool.end (/Users/suraj.kumar/Desktop/splibuddy server/node_modules/mysql2/lib/promise/pool.js:72:22)
    at process.gracefulShutdown (/Users/suraj.kumar/Desktop/splibuddy server/src/config/database.js:62:8)
    at process.emit (node:events:519:28)
2025-10-31 23:42:40 [[32minfo[39m]: - - - [31/Oct/2025:18:12:40 +0000] "GET / HTTP/1.1" 200 33 "-" "-"
2025-10-31 23:42:41 [[32minfo[39m]: ✅ Database connection established successfully
2025-10-31 23:42:41 [[32minfo[39m]: ✅ Database connection successful.
2025-10-31 23:44:16 [[32minfo[39m]: - - - [31/Oct/2025:18:14:16 +0000] "GET / HTTP/1.1" 200 33 "-" "-"
2025-10-31 23:44:16 [[32minfo[39m]: ✅ Database connection established successfully
2025-10-31 23:44:16 [[32minfo[39m]: ✅ Database connection successful.
2025-10-31 23:44:45 [[32minfo[39m]: - - - [31/Oct/2025:18:14:45 +0000] "GET / HTTP/1.1" 200 33 "-" "-"
2025-10-31 23:44:45 [[32minfo[39m]: ✅ Database connection established successfully
2025-10-31 23:44:45 [[32minfo[39m]: ✅ Database connection successful.
2025-10-31 23:45:22 [[32minfo[39m]: - - - [31/Oct/2025:18:15:22 +0000] "GET / HTTP/1.1" 200 33 "-" "-"
2025-10-31 23:45:22 [[32minfo[39m]: ✅ Database connection established successfully
2025-10-31 23:45:22 [[32minfo[39m]: ✅ Database connection successful.
2025-10-31 23:45:30 [[32minfo[39m]: - - - [31/Oct/2025:18:15:30 +0000] "GET / HTTP/1.1" 200 33 "-" "-"
2025-10-31 23:45:30 [[32minfo[39m]: ✅ Database connection established successfully
2025-10-31 23:45:30 [[32minfo[39m]: ✅ Database connection successful.
2025-10-31 23:46:33 [[32minfo[39m]: ✅ Database connection established successfully
2025-10-31 23:46:33 [[32minfo[39m]: ✅ Database connection successful.
2025-10-31 23:47:18 [[32minfo[39m]: ✅ Database connection established successfully
2025-10-31 23:47:18 [[32minfo[39m]: ✅ Database connection successful.
2025-10-31 23:47:29 [[32minfo[39m]: ✅ Database connection established successfully
2025-10-31 23:47:29 [[32minfo[39m]: ✅ Database connection successful.
2025-10-31 23:47:40 [[32minfo[39m]: ✅ Database connection established successfully
2025-10-31 23:47:40 [[32minfo[39m]: ✅ Database connection successful.
2025-10-31 23:47:51 [[32minfo[39m]: ✅ Database connection established successfully
2025-10-31 23:47:51 [[32minfo[39m]: ✅ Database connection successful.
2025-10-31 23:48:13 [[32minfo[39m]: ✅ Database connection successful.
2025-10-31 23:48:44 [[32minfo[39m]: ✅ Database connection successful.
2025-10-31 23:48:55 [[32minfo[39m]: ✅ Database connection successful.
2025-10-31 23:48:57 [[32minfo[39m]: ✅ Database connection successful.
2025-10-31 23:51:06 [[32minfo[39m]: ✅ Database connection successful.
2025-10-31 23:52:11 [[32minfo[39m]: ✅ Database connection successful.
2025-10-31 23:52:36 [[32minfo[39m]: ✅ Database connection successful.
2025-10-31 23:53:40 [[32minfo[39m]: ✅ Database connection successful.
2025-11-01 01:35:12 [[32minfo[39m]: ✅ Database connection successful.
2025-11-01 01:35:42 [[32minfo[39m]: ✅ Database connection successful.
2025-11-01 01:38:48 [[32minfo[39m]: ✅ Database connection successful.
2025-11-01 02:07:16 [[32minfo[39m]: ✅ Database connection established successfully
2025-11-01 02:07:16 [[32minfo[39m]: Server running on port 3000
2025-11-01 11:36:06 [[32minfo[39m]: ✅ Database connection established successfully
2025-11-01 11:36:06 [[32minfo[39m]: Server running on port 3000
2025-11-01 11:37:16 [[32minfo[39m]: ✅ Database connection established successfully
2025-11-01 11:37:16 [[32minfo[39m]: Server running on port 3000
2025-11-01 11:37:21 [[32minfo[39m]: ✅ Database connection established successfully
2025-11-01 11:37:21 [[32minfo[39m]: Server running on port 3000
2025-11-01 11:39:16 [[32minfo[39m]: Authenticated user 2
2025-11-01 12:04:00 [[32minfo[39m]: ✅ Database connection established successfully
2025-11-01 12:04:00 [[32minfo[39m]: Server running on port 3000
2025-11-01 12:05:56 [[32minfo[39m]: ✅ Database connection established successfully
2025-11-01 12:05:56 [[32minfo[39m]: Server running on port 3000
2025-11-01 12:06:18 [[32minfo[39m]: ✅ Database connection established successfully
2025-11-01 12:06:18 [[32minfo[39m]: Server running on port 3000
2025-11-01 12:06:52 [[32minfo[39m]: ✅ Database connection established successfully
2025-11-01 12:06:52 [[32minfo[39m]: Server running on port 3000
