2025-10-31 22:16:40 [[31merror[39m]: Error: Cannot find module './config/database'
Require stack:
- /Users/suraj.kumar/Desktop/splibuddy server/local.js
    at Module._resolveFilename (node:internal/modules/cjs/loader:1225:15)
    at Module._load (node:internal/modules/cjs/loader:1051:27)
    at Module.require (node:internal/modules/cjs/loader:1311:19)
    at require (node:internal/modules/helpers:179:18)
    at Object.<anonymous> (/Users/suraj.kumar/Desktop/splibuddy server/local.js:3:28)
    at Module._compile (node:internal/modules/cjs/loader:1469:14)
    at Module._extensions..js (node:internal/modules/cjs/loader:1548:10)
    at Module.load (node:internal/modules/cjs/loader:1288:32)
    at Module._load (node:internal/modules/cjs/loader:1104:12)
    at Function.executeUserEntryPoint [as runMain] (node:internal/modules/run_main:174:12)
2025-10-31 22:17:55 [[31merror[39m]: Error: Cannot find module './config/env'
Require stack:
- /Users/suraj.kumar/Desktop/splibuddy server/local.js
    at Module._resolveFilename (node:internal/modules/cjs/loader:1225:15)
    at Module._load (node:internal/modules/cjs/loader:1051:27)
    at Module.require (node:internal/modules/cjs/loader:1311:19)
    at require (node:internal/modules/helpers:179:18)
    at Object.<anonymous> (/Users/suraj.kumar/Desktop/splibuddy server/local.js:4:18)
    at Module._compile (node:internal/modules/cjs/loader:1469:14)
    at Module._extensions..js (node:internal/modules/cjs/loader:1548:10)
    at Module.load (node:internal/modules/cjs/loader:1288:32)
    at Module._load (node:internal/modules/cjs/loader:1104:12)
    at Function.executeUserEntryPoint [as runMain] (node:internal/modules/run_main:174:12)
2025-10-31 22:19:14 [[31merror[39m]: Error: listen EADDRINUSE: address already in use :::3000
    at Server.setupListenHandle [as _listen2] (node:net:1904:16)
    at listenInCluster (node:net:1961:12)
    at Server.listen (node:net:2063:7)
    at Function.listen (/Users/suraj.kumar/Desktop/splibuddy server/node_modules/express/lib/application.js:635:24)
    at startServer (/Users/suraj.kumar/Desktop/splibuddy server/local.js:10:9)
    at process.processTicksAndRejections (node:internal/process/task_queues:95:5)
2025-10-31 22:20:56 [[31merror[39m]: Database query error:
2025-10-31 22:23:18 [[31merror[39m]: Database query error:
2025-10-31 22:25:25 [[31merror[39m]: Database query error:
2025-10-31 22:31:45 [[31merror[39m]: Database query error:
2025-10-31 23:13:40 [[31merror[39m]: Error: Can't add new command when connection is in closed state
    at PromisePool.end (/Users/suraj.kumar/Desktop/splibuddy server/node_modules/mysql2/lib/promise/pool.js:72:22)
    at process.gracefulShutdown (/Users/suraj.kumar/Desktop/splibuddy server/src/config/database.js:62:8)
    at process.emit (node:events:519:28)
2025-10-31 23:13:42 [[31merror[39m]: Error: Can't add new command when connection is in closed state
    at PromisePool.end (/Users/suraj.kumar/Desktop/splibuddy server/node_modules/mysql2/lib/promise/pool.js:72:22)
    at process.gracefulShutdown (/Users/suraj.kumar/Desktop/splibuddy server/src/config/database.js:62:8)
    at process.emit (node:events:519:28)
2025-10-31 23:13:44 [[31merror[39m]: Error: Can't add new command when connection is in closed state
    at PromisePool.end (/Users/suraj.kumar/Desktop/splibuddy server/node_modules/mysql2/lib/promise/pool.js:72:22)
    at process.gracefulShutdown (/Users/suraj.kumar/Desktop/splibuddy server/src/config/database.js:62:8)
    at process.emit (node:events:519:28)
2025-10-31 23:13:51 [[31merror[39m]: Error: Can't add new command when connection is in closed state
    at PromisePool.end (/Users/suraj.kumar/Desktop/splibuddy server/node_modules/mysql2/lib/promise/pool.js:72:22)
    at process.gracefulShutdown (/Users/suraj.kumar/Desktop/splibuddy server/src/config/database.js:62:8)
    at process.emit (node:events:519:28)
2025-10-31 23:14:05 [[31merror[39m]: Error: Can't add new command when connection is in closed state
    at PromisePool.end (/Users/suraj.kumar/Desktop/splibuddy server/node_modules/mysql2/lib/promise/pool.js:72:22)
    at process.gracefulShutdown (/Users/suraj.kumar/Desktop/splibuddy server/src/config/database.js:62:8)
    at process.emit (node:events:519:28)
2025-10-31 23:14:08 [[31merror[39m]: Error: Can't add new command when connection is in closed state
    at PromisePool.end (/Users/suraj.kumar/Desktop/splibuddy server/node_modules/mysql2/lib/promise/pool.js:72:22)
    at process.gracefulShutdown (/Users/suraj.kumar/Desktop/splibuddy server/src/config/database.js:62:8)
    at process.emit (node:events:519:28)
2025-10-31 23:14:32 [[31merror[39m]: Error: Can't add new command when connection is in closed state
    at PromisePool.end (/Users/suraj.kumar/Desktop/splibuddy server/node_modules/mysql2/lib/promise/pool.js:72:22)
    at process.gracefulShutdown (/Users/suraj.kumar/Desktop/splibuddy server/src/config/database.js:62:8)
    at process.emit (node:events:519:28)
2025-10-31 23:14:33 [[31merror[39m]: Error: Can't add new command when connection is in closed state
    at PromisePool.end (/Users/suraj.kumar/Desktop/splibuddy server/node_modules/mysql2/lib/promise/pool.js:72:22)
    at process.gracefulShutdown (/Users/suraj.kumar/Desktop/splibuddy server/src/config/database.js:62:8)
    at process.emit (node:events:519:28)
2025-10-31 23:38:28 [[31merror[39m]: Error: Can't add new command when connection is in closed state
    at PromisePool.end (/Users/suraj.kumar/Desktop/splibuddy server/node_modules/mysql2/lib/promise/pool.js:72:22)
    at process.gracefulShutdown (/Users/suraj.kumar/Desktop/splibuddy server/src/config/database.js:62:8)
    at process.emit (node:events:519:28)
2025-10-31 23:38:29 [[31merror[39m]: Error: Can't add new command when connection is in closed state
    at PromisePool.end (/Users/suraj.kumar/Desktop/splibuddy server/node_modules/mysql2/lib/promise/pool.js:72:22)
    at process.gracefulShutdown (/Users/suraj.kumar/Desktop/splibuddy server/src/config/database.js:62:8)
    at process.emit (node:events:519:28)
2025-10-31 23:38:31 [[31merror[39m]: Error: Can't add new command when connection is in closed state
    at PromisePool.end (/Users/suraj.kumar/Desktop/splibuddy server/node_modules/mysql2/lib/promise/pool.js:72:22)
    at process.gracefulShutdown (/Users/suraj.kumar/Desktop/splibuddy server/src/config/database.js:62:8)
    at process.emit (node:events:519:28)
2025-10-31 23:38:34 [[31merror[39m]: Error: Can't add new command when connection is in closed state
    at PromisePool.end (/Users/suraj.kumar/Desktop/splibuddy server/node_modules/mysql2/lib/promise/pool.js:72:22)
    at process.gracefulShutdown (/Users/suraj.kumar/Desktop/splibuddy server/src/config/database.js:62:8)
    at process.emit (node:events:519:28)
2025-10-31 23:38:39 [[31merror[39m]: Error: listen EADDRINUSE: address already in use :::3000
    at Server.setupListenHandle [as _listen2] (node:net:1904:16)
    at listenInCluster (node:net:1961:12)
    at Server.listen (node:net:2063:7)
    at Function.listen (/Users/suraj.kumar/Desktop/splibuddy server/node_modules/express/lib/application.js:635:24)
    at startServer (/Users/suraj.kumar/Desktop/splibuddy server/local.js:10:9)
    at process.processTicksAndRejections (node:internal/process/task_queues:95:5)
2025-10-31 23:41:15 [[31merror[39m]: Error: listen EADDRINUSE: address already in use :::3000
    at Server.setupListenHandle [as _listen2] (node:net:1904:16)
    at listenInCluster (node:net:1961:12)
    at Server.listen (node:net:2063:7)
    at Function.listen (/Users/suraj.kumar/Desktop/splibuddy server/node_modules/express/lib/application.js:635:24)
    at startServer (/Users/suraj.kumar/Desktop/splibuddy server/local.js:10:9)
    at process.processTicksAndRejections (node:internal/process/task_queues:95:5)
2025-10-31 23:42:00 [[31merror[39m]: Error: Can't add new command when connection is in closed state
    at PromisePool.end (/Users/suraj.kumar/Desktop/splibuddy server/node_modules/mysql2/lib/promise/pool.js:72:22)
    at process.gracefulShutdown (/Users/suraj.kumar/Desktop/splibuddy server/src/config/database.js:62:8)
    at process.emit (node:events:519:28)
2025-10-31 23:42:01 [[31merror[39m]: Error: Can't add new command when connection is in closed state
    at PromisePool.end (/Users/suraj.kumar/Desktop/splibuddy server/node_modules/mysql2/lib/promise/pool.js:72:22)
    at process.gracefulShutdown (/Users/suraj.kumar/Desktop/splibuddy server/src/config/database.js:62:8)
    at process.emit (node:events:519:28)
2025-10-31 23:42:03 [[31merror[39m]: Error: Can't add new command when connection is in closed state
    at PromisePool.end (/Users/suraj.kumar/Desktop/splibuddy server/node_modules/mysql2/lib/promise/pool.js:72:22)
    at process.gracefulShutdown (/Users/suraj.kumar/Desktop/splibuddy server/src/config/database.js:62:8)
    at process.emit (node:events:519:28)
2025-11-01 12:23:41 [[31merror[39m]: ❌ Database connection failed:
2025-11-01 12:36:36 [[31merror[39m]: ❌ Database connection failed:
2025-11-01 12:37:37 [[31merror[39m]: Error: connect ETIMEDOUT
    at PoolConnection._handleTimeoutError (/Users/suraj.kumar/Desktop/splibuddy server/node_modules/mysql2/lib/base/connection.js:200:17)
    at listOnTimeout (node:internal/timers:588:17)
    at process.processTimers (node:internal/timers:523:7)
2025-11-01 12:38:37 [[31merror[39m]: Error: connect ETIMEDOUT
    at PoolConnection._handleTimeoutError (/Users/suraj.kumar/Desktop/splibuddy server/node_modules/mysql2/lib/base/connection.js:200:17)
    at listOnTimeout (node:internal/timers:588:17)
    at process.processTimers (node:internal/timers:523:7)
2025-11-01 12:23:41 [[31merror[39m]: ❌ Database connection failed:
2025-11-01 12:36:36 [[31merror[39m]: ❌ Database connection failed:
2025-11-01 12:37:37 [[31merror[39m]: Error: connect ETIMEDOUT
    at PoolConnection._handleTimeoutError (/Users/suraj.kumar/Desktop/splibuddy server/node_modules/mysql2/lib/base/connection.js:200:17)
    at listOnTimeout (node:internal/timers:588:17)
    at process.processTimers (node:internal/timers:523:7)
2025-11-01 12:38:37 [[31merror[39m]: Error: connect ETIMEDOUT
    at PoolConnection._handleTimeoutError (/Users/suraj.kumar/Desktop/splibuddy server/node_modules/mysql2/lib/base/connection.js:200:17)
    at listOnTimeout (node:internal/timers:588:17)
    at process.processTimers (node:internal/timers:523:7)
2025-11-10 12:06:34 [[31merror[39m]: ReferenceError: path is not defined
    at Object.<anonymous> (/Users/suraj.kumar/Desktop/splibuddyserver/app.js:9:18)
    at Module._compile (node:internal/modules/cjs/loader:1469:14)
    at Module._extensions..js (node:internal/modules/cjs/loader:1548:10)
    at Module.load (node:internal/modules/cjs/loader:1288:32)
    at Module._load (node:internal/modules/cjs/loader:1104:12)
    at Module.require (node:internal/modules/cjs/loader:1311:19)
    at require (node:internal/modules/helpers:179:18)
    at Object.<anonymous> (/Users/suraj.kumar/Desktop/splibuddyserver/local-server.js:2:13)
    at Module._compile (node:internal/modules/cjs/loader:1469:14)
    at Module._extensions..js (node:internal/modules/cjs/loader:1548:10)
2025-11-10 12:08:41 [[31merror[39m]: ReferenceError: path is not defined
    at Object.<anonymous> (/Users/suraj.kumar/Desktop/splibuddyserver/app.js:9:18)
    at Module._compile (node:internal/modules/cjs/loader:1469:14)
    at Module._extensions..js (node:internal/modules/cjs/loader:1548:10)
    at Module.load (node:internal/modules/cjs/loader:1288:32)
    at Module._load (node:internal/modules/cjs/loader:1104:12)
    at Module.require (node:internal/modules/cjs/loader:1311:19)
    at require (node:internal/modules/helpers:179:18)
    at Object.<anonymous> (/Users/suraj.kumar/Desktop/splibuddyserver/local-server.js:2:13)
    at Module._compile (node:internal/modules/cjs/loader:1469:14)
    at Module._extensions..js (node:internal/modules/cjs/loader:1548:10)
2025-11-10 12:08:43 [[31merror[39m]: ReferenceError: path is not defined
    at Object.<anonymous> (/Users/suraj.kumar/Desktop/splibuddyserver/app.js:9:18)
    at Module._compile (node:internal/modules/cjs/loader:1469:14)
    at Module._extensions..js (node:internal/modules/cjs/loader:1548:10)
    at Module.load (node:internal/modules/cjs/loader:1288:32)
    at Module._load (node:internal/modules/cjs/loader:1104:12)
    at Module.require (node:internal/modules/cjs/loader:1311:19)
    at require (node:internal/modules/helpers:179:18)
    at Object.<anonymous> (/Users/suraj.kumar/Desktop/splibuddyserver/local-server.js:2:13)
    at Module._compile (node:internal/modules/cjs/loader:1469:14)
    at Module._extensions..js (node:internal/modules/cjs/loader:1548:10)
2025-11-10 12:08:46 [[31merror[39m]: ReferenceError: path is not defined
    at Object.<anonymous> (/Users/suraj.kumar/Desktop/splibuddyserver/app.js:9:18)
    at Module._compile (node:internal/modules/cjs/loader:1469:14)
    at Module._extensions..js (node:internal/modules/cjs/loader:1548:10)
    at Module.load (node:internal/modules/cjs/loader:1288:32)
    at Module._load (node:internal/modules/cjs/loader:1104:12)
    at Module.require (node:internal/modules/cjs/loader:1311:19)
    at require (node:internal/modules/helpers:179:18)
    at Object.<anonymous> (/Users/suraj.kumar/Desktop/splibuddyserver/local-server.js:2:13)
    at Module._compile (node:internal/modules/cjs/loader:1469:14)
    at Module._extensions..js (node:internal/modules/cjs/loader:1548:10)
2025-11-10 17:27:59 [[31merror[39m]: Error: Connection terminated due to connection timeout
    at /Users/suraj.kumar/Desktop/splibuddyserver/node_modules/pg-pool/index.js:45:11
    at process.processTicksAndRejections (node:internal/process/task_queues:95:5)
    at async testConnection (/Users/suraj.kumar/Desktop/splibuddyserver/src/config/database.js:74:7)
    at async startServer (/Users/suraj.kumar/Desktop/splibuddyserver/local-server.js:9:5)
2025-11-13 00:51:40 [[31merror[39m]: Error: Route.post() requires a callback function but got a [object Undefined]
    at Route.<computed> [as post] (/Users/suraj.kumar/Desktop/splibuddyserver/node_modules/express/lib/router/route.js:216:15)
    at proto.<computed> [as post] (/Users/suraj.kumar/Desktop/splibuddyserver/node_modules/express/lib/router/index.js:521:19)
    at Object.<anonymous> (/Users/suraj.kumar/Desktop/splibuddyserver/src/routes/auth.routes.js:63:8)
    at Module._compile (node:internal/modules/cjs/loader:1469:14)
    at Module._extensions..js (node:internal/modules/cjs/loader:1548:10)
    at Module.load (node:internal/modules/cjs/loader:1288:32)
    at Module._load (node:internal/modules/cjs/loader:1104:12)
    at Module.require (node:internal/modules/cjs/loader:1311:19)
    at require (node:internal/modules/helpers:179:18)
    at Object.<anonymous> (/Users/suraj.kumar/Desktop/splibuddyserver/src/routes/index.js:3:20)
2025-11-13 15:31:44 [[31merror[39m]: TypeError: Cannot read properties of undefined (reading 'password')
    at comparePassword (/Users/suraj.kumar/Desktop/splibuddyserver/src/services/auth.service.js:35:46)
    at Object.changePassword (/Users/suraj.kumar/Desktop/splibuddyserver/src/services/auth.service.js:211:25)
    at process.processTicksAndRejections (node:internal/process/task_queues:95:5)
    at async changePassword (/Users/suraj.kumar/Desktop/splibuddyserver/src/controllers/auth.controller.js:182:30)
2025-11-13 15:34:12 [[31merror[39m]: UnauthorizedError: Invalid password
    at Object.changePassword (/Users/suraj.kumar/Desktop/splibuddyserver/src/services/auth.service.js:213:11)
    at async changePassword (/Users/suraj.kumar/Desktop/splibuddyserver/src/controllers/auth.controller.js:182:30)
2025-11-13 15:38:35 [[31merror[39m]: UnauthorizedError: Invalid password
    at Object.changePassword (/Users/suraj.kumar/Desktop/splibuddyserver/src/services/auth.service.js:217:11)
    at async changePassword (/Users/suraj.kumar/Desktop/splibuddyserver/src/controllers/auth.controller.js:182:32)
2025-11-19 02:42:06 [[31merror[39m]: TypeError: Cannot read properties of undefined (reading 'name')
    at authenticate (/Users/suraj.kumar/Desktop/splibuddyserver/src/middlewares/auth.middleware.js:48:13)
    at process.processTicksAndRejections (node:internal/process/task_queues:95:5)
2025-11-19 02:46:54 [[31merror[39m]: TypeError: Cannot read properties of undefined (reading 'name')
    at authenticate (/Users/suraj.kumar/Desktop/splibuddyserver/src/middlewares/auth.middleware.js:46:13)
    at process.processTicksAndRejections (node:internal/process/task_queues:95:5)
2025-11-19 02:47:48 [[31merror[39m]: TypeError: Cannot read properties of undefined (reading 'name')
    at authenticate (/Users/suraj.kumar/Desktop/splibuddyserver/src/middlewares/auth.middleware.js:46:13)
    at process.processTicksAndRejections (node:internal/process/task_queues:95:5)
2025-11-19 03:01:03 [[31merror[39m]: TypeError: Cannot read properties of undefined (reading 'name')
    at authenticate (/Users/suraj.kumar/Desktop/splibuddyserver/src/middlewares/auth.middleware.js:46:13)
    at process.processTicksAndRejections (node:internal/process/task_queues:95:5)
2025-11-19 16:10:30 [[31merror[39m]: TypeError: Cannot read properties of undefined (reading 'name')
    at authenticate (/Users/suraj.kumar/Desktop/splibuddyserver/src/middlewares/auth.middleware.js:46:13)
    at process.processTicksAndRejections (node:internal/process/task_queues:95:5)
2025-11-19 16:42:57 [[31merror[39m]: TypeError: Cannot read properties of undefined (reading 'name')
    at authenticate (/Users/suraj.kumar/Desktop/splibuddyserver/src/middlewares/auth.middleware.js:46:13)
    at process.processTicksAndRejections (node:internal/process/task_queues:95:5)
2025-11-19 16:43:16 [[31merror[39m]: TypeError: Cannot read properties of undefined (reading 'name')
    at authenticate (/Users/suraj.kumar/Desktop/splibuddyserver/src/middlewares/auth.middleware.js:46:13)
    at process.processTicksAndRejections (node:internal/process/task_queues:95:5)
2025-11-19 16:43:20 [[31merror[39m]: TypeError: Cannot read properties of undefined (reading 'name')
    at authenticate (/Users/suraj.kumar/Desktop/splibuddyserver/src/middlewares/auth.middleware.js:46:13)
    at process.processTicksAndRejections (node:internal/process/task_queues:95:5)
2025-11-19 16:44:10 [[31merror[39m]: TypeError: Cannot read properties of undefined (reading 'name')
    at authenticate (/Users/suraj.kumar/Desktop/splibuddyserver/src/middlewares/auth.middleware.js:46:13)
    at process.processTicksAndRejections (node:internal/process/task_queues:95:5)
2025-11-19 16:44:40 [[31merror[39m]: TypeError: Cannot read properties of undefined (reading 'name')
    at authenticate (/Users/suraj.kumar/Desktop/splibuddyserver/src/middlewares/auth.middleware.js:46:13)
    at process.processTicksAndRejections (node:internal/process/task_queues:95:5)
2025-11-19 16:45:07 [[31merror[39m]: TypeError: Cannot read properties of undefined (reading 'name')
    at authenticate (/Users/suraj.kumar/Desktop/splibuddyserver/src/middlewares/auth.middleware.js:46:13)
    at process.processTicksAndRejections (node:internal/process/task_queues:95:5)
2025-11-19 16:45:13 [[31merror[39m]: TypeError: Cannot read properties of undefined (reading 'name')
    at authenticate (/Users/suraj.kumar/Desktop/splibuddyserver/src/middlewares/auth.middleware.js:46:13)
    at process.processTicksAndRejections (node:internal/process/task_queues:95:5)
2025-11-19 16:45:24 [[31merror[39m]: TypeError: Cannot read properties of undefined (reading 'name')
    at authenticate (/Users/suraj.kumar/Desktop/splibuddyserver/src/middlewares/auth.middleware.js:46:13)
    at process.processTicksAndRejections (node:internal/process/task_queues:95:5)
2025-11-19 16:45:30 [[31merror[39m]: TypeError: Cannot read properties of undefined (reading 'name')
    at authenticate (/Users/suraj.kumar/Desktop/splibuddyserver/src/middlewares/auth.middleware.js:46:13)
    at process.processTicksAndRejections (node:internal/process/task_queues:95:5)
2025-11-19 16:45:38 [[31merror[39m]: TypeError: Cannot read properties of undefined (reading 'name')
    at authenticate (/Users/suraj.kumar/Desktop/splibuddyserver/src/middlewares/auth.middleware.js:46:13)
    at process.processTicksAndRejections (node:internal/process/task_queues:95:5)
2025-11-19 16:46:18 [[31merror[39m]: TypeError: Cannot read properties of undefined (reading 'name')
    at authenticate (/Users/suraj.kumar/Desktop/splibuddyserver/src/middlewares/auth.middleware.js:46:13)
    at process.processTicksAndRejections (node:internal/process/task_queues:95:5)
2025-11-26 18:40:08 [[31merror[39m]: ReferenceError: protect is not defined
    at Object.<anonymous> (/Users/suraj.kumar/Desktop/splibuddyserver/src/routes/auth.routes.js:111:3)
    at Module._compile (node:internal/modules/cjs/loader:1469:14)
    at Module._extensions..js (node:internal/modules/cjs/loader:1548:10)
    at Module.load (node:internal/modules/cjs/loader:1288:32)
    at Module._load (node:internal/modules/cjs/loader:1104:12)
    at Module.require (node:internal/modules/cjs/loader:1311:19)
    at require (node:internal/modules/helpers:179:18)
    at Object.<anonymous> (/Users/suraj.kumar/Desktop/splibuddyserver/src/routes/index.js:3:20)
    at Module._compile (node:internal/modules/cjs/loader:1469:14)
    at Module._extensions..js (node:internal/modules/cjs/loader:1548:10)
2025-11-26 18:40:14 [[31merror[39m]: ReferenceError: uploadAvatar is not defined
    at Object.<anonymous> (/Users/suraj.kumar/Desktop/splibuddyserver/src/routes/auth.routes.js:112:3)
    at Module._compile (node:internal/modules/cjs/loader:1469:14)
    at Module._extensions..js (node:internal/modules/cjs/loader:1548:10)
    at Module.load (node:internal/modules/cjs/loader:1288:32)
    at Module._load (node:internal/modules/cjs/loader:1104:12)
    at Module.require (node:internal/modules/cjs/loader:1311:19)
    at require (node:internal/modules/helpers:179:18)
    at Object.<anonymous> (/Users/suraj.kumar/Desktop/splibuddyserver/src/routes/index.js:3:20)
    at Module._compile (node:internal/modules/cjs/loader:1469:14)
    at Module._extensions..js (node:internal/modules/cjs/loader:1548:10)
2025-11-26 18:41:08 [[31merror[39m]: Error: Validation schema is required
    at validate (/Users/suraj.kumar/Desktop/splibuddyserver/src/validations/auth.validation.js:202:11)
    at Object.<anonymous> (/Users/suraj.kumar/Desktop/splibuddyserver/src/routes/auth.routes.js:112:3)
    at Module._compile (node:internal/modules/cjs/loader:1469:14)
    at Module._extensions..js (node:internal/modules/cjs/loader:1548:10)
    at Module.load (node:internal/modules/cjs/loader:1288:32)
    at Module._load (node:internal/modules/cjs/loader:1104:12)
    at Module.require (node:internal/modules/cjs/loader:1311:19)
    at require (node:internal/modules/helpers:179:18)
    at Object.<anonymous> (/Users/suraj.kumar/Desktop/splibuddyserver/src/routes/index.js:3:20)
    at Module._compile (node:internal/modules/cjs/loader:1469:14)
2025-11-26 18:41:17 [[31merror[39m]: ReferenceError: updateAvatar is not defined
    at Object.<anonymous> (/Users/suraj.kumar/Desktop/splibuddyserver/src/routes/auth.routes.js:112:12)
    at Module._compile (node:internal/modules/cjs/loader:1469:14)
    at Module._extensions..js (node:internal/modules/cjs/loader:1548:10)
    at Module.load (node:internal/modules/cjs/loader:1288:32)
    at Module._load (node:internal/modules/cjs/loader:1104:12)
    at Module.require (node:internal/modules/cjs/loader:1311:19)
    at require (node:internal/modules/helpers:179:18)
    at Object.<anonymous> (/Users/suraj.kumar/Desktop/splibuddyserver/src/routes/index.js:3:20)
    at Module._compile (node:internal/modules/cjs/loader:1469:14)
    at Module._extensions..js (node:internal/modules/cjs/loader:1548:10)
2025-11-26 18:41:47 [[31merror[39m]: ReferenceError: updateAvatar is not defined
    at Object.<anonymous> (/Users/suraj.kumar/Desktop/splibuddyserver/src/routes/auth.routes.js:112:12)
    at Module._compile (node:internal/modules/cjs/loader:1469:14)
    at Module._extensions..js (node:internal/modules/cjs/loader:1548:10)
    at Module.load (node:internal/modules/cjs/loader:1288:32)
    at Module._load (node:internal/modules/cjs/loader:1104:12)
    at Module.require (node:internal/modules/cjs/loader:1311:19)
    at require (node:internal/modules/helpers:179:18)
    at Object.<anonymous> (/Users/suraj.kumar/Desktop/splibuddyserver/src/routes/index.js:3:20)
    at Module._compile (node:internal/modules/cjs/loader:1469:14)
    at Module._extensions..js (node:internal/modules/cjs/loader:1548:10)
2025-11-26 18:42:30 [[31merror[39m]: ReferenceError: updateAvatar is not defined
    at Object.<anonymous> (/Users/suraj.kumar/Desktop/splibuddyserver/src/routes/auth.routes.js:119:12)
    at Module._compile (node:internal/modules/cjs/loader:1469:14)
    at Module._extensions..js (node:internal/modules/cjs/loader:1548:10)
    at Module.load (node:internal/modules/cjs/loader:1288:32)
    at Module._load (node:internal/modules/cjs/loader:1104:12)
    at Module.require (node:internal/modules/cjs/loader:1311:19)
    at require (node:internal/modules/helpers:179:18)
    at Object.<anonymous> (/Users/suraj.kumar/Desktop/splibuddyserver/src/routes/index.js:3:20)
    at Module._compile (node:internal/modules/cjs/loader:1469:14)
    at Module._extensions..js (node:internal/modules/cjs/loader:1548:10)
2025-11-26 18:42:39 [[31merror[39m]: Error: Route.patch() requires a callback function but got a [object Undefined]
    at Route.<computed> [as patch] (/Users/suraj.kumar/Desktop/splibuddyserver/node_modules/express/lib/router/route.js:216:15)
    at proto.<computed> [as patch] (/Users/suraj.kumar/Desktop/splibuddyserver/node_modules/express/lib/router/index.js:521:19)
    at Object.<anonymous> (/Users/suraj.kumar/Desktop/splibuddyserver/src/routes/auth.routes.js:117:8)
    at Module._compile (node:internal/modules/cjs/loader:1469:14)
    at Module._extensions..js (node:internal/modules/cjs/loader:1548:10)
    at Module.load (node:internal/modules/cjs/loader:1288:32)
    at Module._load (node:internal/modules/cjs/loader:1104:12)
    at Module.require (node:internal/modules/cjs/loader:1311:19)
    at require (node:internal/modules/helpers:179:18)
    at Object.<anonymous> (/Users/suraj.kumar/Desktop/splibuddyserver/src/routes/index.js:3:20)
2025-11-26 19:47:57 [[31merror[39m]: Error: read ETIMEDOUT
    at TLSWrap.onStreamRead (node:internal/stream_base_commons:218:20)
2025-11-26 19:54:35 [[31merror[39m]: Unhandled Rejection: Invalid api_key <your_api_key>
2025-11-26 19:55:40 [[31merror[39m]: Unhandled Rejection: Invalid api_key <your_api_key>
2025-11-26 19:57:05 [[31merror[39m]: Unhandled Rejection: Invalid api_key <your_api_key>
2025-11-26 20:00:13 [[31merror[39m]: Error: Cannot find module './config/cloudinary'
Require stack:
- /Users/suraj.kumar/Desktop/splibuddyserver/app.js
- /Users/suraj.kumar/Desktop/splibuddyserver/local-server.js
    at Module._resolveFilename (node:internal/modules/cjs/loader:1225:15)
    at Module._load (node:internal/modules/cjs/loader:1051:27)
    at Module.require (node:internal/modules/cjs/loader:1311:19)
    at require (node:internal/modules/helpers:179:18)
    at Object.<anonymous> (/Users/suraj.kumar/Desktop/splibuddyserver/app.js:12:20)
    at Module._compile (node:internal/modules/cjs/loader:1469:14)
    at Module._extensions..js (node:internal/modules/cjs/loader:1548:10)
    at Module.load (node:internal/modules/cjs/loader:1288:32)
    at Module._load (node:internal/modules/cjs/loader:1104:12)
    at Module.require (node:internal/modules/cjs/loader:1311:19)
2025-11-26 20:00:24 [[31merror[39m]: Error: Cannot find module './config/cloudinary'
Require stack:
- /Users/suraj.kumar/Desktop/splibuddyserver/app.js
- /Users/suraj.kumar/Desktop/splibuddyserver/local-server.js
    at Module._resolveFilename (node:internal/modules/cjs/loader:1225:15)
    at Module._load (node:internal/modules/cjs/loader:1051:27)
    at Module.require (node:internal/modules/cjs/loader:1311:19)
    at require (node:internal/modules/helpers:179:18)
    at Object.<anonymous> (/Users/suraj.kumar/Desktop/splibuddyserver/app.js:12:20)
    at Module._compile (node:internal/modules/cjs/loader:1469:14)
    at Module._extensions..js (node:internal/modules/cjs/loader:1548:10)
    at Module.load (node:internal/modules/cjs/loader:1288:32)
    at Module._load (node:internal/modules/cjs/loader:1104:12)
    at Module.require (node:internal/modules/cjs/loader:1311:19)
2025-11-28 02:49:41 [[31merror[39m]: Error: read ETIMEDOUT
    at TLSWrap.onStreamRead (node:internal/stream_base_commons:218:20)
2025-11-28 12:26:34 [[31merror[39m]: TypeError: createClient is not a function
    at Object.<anonymous> (/Users/suraj.kumar/Desktop/splibuddyserver/app.js:14:21)
    at Module._compile (node:internal/modules/cjs/loader:1469:14)
    at Module._extensions..js (node:internal/modules/cjs/loader:1548:10)
    at Module.load (node:internal/modules/cjs/loader:1288:32)
    at Module._load (node:internal/modules/cjs/loader:1104:12)
    at Module.require (node:internal/modules/cjs/loader:1311:19)
    at require (node:internal/modules/helpers:179:18)
    at Object.<anonymous> (/Users/suraj.kumar/Desktop/splibuddyserver/local-server.js:2:13)
    at Module._compile (node:internal/modules/cjs/loader:1469:14)
    at Module._extensions..js (node:internal/modules/cjs/loader:1548:10)
2025-11-28 13:11:23 [[31merror[39m]: ReferenceError: createClient is not defined
    at Object.<anonymous> (/Users/suraj.kumar/Desktop/splibuddyserver/app.js:13:21)
    at Module._compile (node:internal/modules/cjs/loader:1469:14)
    at Module._extensions..js (node:internal/modules/cjs/loader:1548:10)
    at Module.load (node:internal/modules/cjs/loader:1288:32)
    at Module._load (node:internal/modules/cjs/loader:1104:12)
    at Module.require (node:internal/modules/cjs/loader:1311:19)
    at require (node:internal/modules/helpers:179:18)
    at Object.<anonymous> (/Users/suraj.kumar/Desktop/splibuddyserver/local-server.js:2:13)
    at Module._compile (node:internal/modules/cjs/loader:1469:14)
    at Module._extensions..js (node:internal/modules/cjs/loader:1548:10)
2025-11-28 13:11:24 [[31merror[39m]: ReferenceError: createClient is not defined
    at Object.<anonymous> (/Users/suraj.kumar/Desktop/splibuddyserver/app.js:13:21)
    at Module._compile (node:internal/modules/cjs/loader:1469:14)
    at Module._extensions..js (node:internal/modules/cjs/loader:1548:10)
    at Module.load (node:internal/modules/cjs/loader:1288:32)
    at Module._load (node:internal/modules/cjs/loader:1104:12)
    at Module.require (node:internal/modules/cjs/loader:1311:19)
    at require (node:internal/modules/helpers:179:18)
    at Object.<anonymous> (/Users/suraj.kumar/Desktop/splibuddyserver/local-server.js:2:13)
    at Module._compile (node:internal/modules/cjs/loader:1469:14)
    at Module._extensions..js (node:internal/modules/cjs/loader:1548:10)
2025-11-28 14:17:58 [[31merror[39m]: Error: read ETIMEDOUT
    at TLSWrap.onStreamRead (node:internal/stream_base_commons:218:20)
2025-12-05 03:41:05 [[31merror[39m]: Error: Route.get() requires a callback function but got a [object Undefined]
    at Route.<computed> [as get] (/Users/suraj.kumar/Desktop/splibuddyserver/node_modules/express/lib/router/route.js:216:15)
    at Object.<anonymous> (/Users/suraj.kumar/Desktop/splibuddyserver/src/routes/group.routes.js:18:6)
    at Module._compile (node:internal/modules/cjs/loader:1469:14)
    at Module._extensions..js (node:internal/modules/cjs/loader:1548:10)
    at Module.load (node:internal/modules/cjs/loader:1288:32)
    at Module._load (node:internal/modules/cjs/loader:1104:12)
    at Module.require (node:internal/modules/cjs/loader:1311:19)
    at require (node:internal/modules/helpers:179:18)
    at Object.<anonymous> (/Users/suraj.kumar/Desktop/splibuddyserver/src/routes/index.js:7:21)
    at Module._compile (node:internal/modules/cjs/loader:1469:14)
2025-12-05 03:42:02 [[31merror[39m]: Error: Route.get() requires a callback function but got a [object Undefined]
    at Route.<computed> [as get] (/Users/suraj.kumar/Desktop/splibuddyserver/node_modules/express/lib/router/route.js:216:15)
    at Object.<anonymous> (/Users/suraj.kumar/Desktop/splibuddyserver/src/routes/group.routes.js:18:6)
    at Module._compile (node:internal/modules/cjs/loader:1469:14)
    at Module._extensions..js (node:internal/modules/cjs/loader:1548:10)
    at Module.load (node:internal/modules/cjs/loader:1288:32)
    at Module._load (node:internal/modules/cjs/loader:1104:12)
    at Module.require (node:internal/modules/cjs/loader:1311:19)
    at require (node:internal/modules/helpers:179:18)
    at Object.<anonymous> (/Users/suraj.kumar/Desktop/splibuddyserver/src/routes/index.js:7:21)
    at Module._compile (node:internal/modules/cjs/loader:1469:14)
2025-12-05 04:03:49 [[31merror[39m]: Error: Cannot find module '../utilsnew /apiResponse'
Require stack:
- /Users/suraj.kumar/Desktop/splibuddyserver/src/controllers/group.controller.js
- /Users/suraj.kumar/Desktop/splibuddyserver/src/routes/group.routes.js
- /Users/suraj.kumar/Desktop/splibuddyserver/src/routes/index.js
- /Users/suraj.kumar/Desktop/splibuddyserver/app.js
- /Users/suraj.kumar/Desktop/splibuddyserver/local-server.js
    at Module._resolveFilename (node:internal/modules/cjs/loader:1225:15)
    at Module._load (node:internal/modules/cjs/loader:1051:27)
    at Module.require (node:internal/modules/cjs/loader:1311:19)
    at require (node:internal/modules/helpers:179:18)
    at Object.<anonymous> (/Users/suraj.kumar/Desktop/splibuddyserver/src/controllers/group.controller.js:1:21)
    at Module._compile (node:internal/modules/cjs/loader:1469:14)
    at Module._extensions..js (node:internal/modules/cjs/loader:1548:10)
    at Module.load (node:internal/modules/cjs/loader:1288:32)
    at Module._load (node:internal/modules/cjs/loader:1104:12)
    at Module.require (node:internal/modules/cjs/loader:1311:19)
2025-12-05 04:04:00 [[31merror[39m]: Error: Cannot find module '../utilsnew /apiResponse'
Require stack:
- /Users/suraj.kumar/Desktop/splibuddyserver/src/controllers/group.controller.js
- /Users/suraj.kumar/Desktop/splibuddyserver/src/routes/group.routes.js
- /Users/suraj.kumar/Desktop/splibuddyserver/src/routes/index.js
- /Users/suraj.kumar/Desktop/splibuddyserver/app.js
- /Users/suraj.kumar/Desktop/splibuddyserver/local-server.js
    at Module._resolveFilename (node:internal/modules/cjs/loader:1225:15)
    at Module._load (node:internal/modules/cjs/loader:1051:27)
    at Module.require (node:internal/modules/cjs/loader:1311:19)
    at require (node:internal/modules/helpers:179:18)
    at Object.<anonymous> (/Users/suraj.kumar/Desktop/splibuddyserver/src/controllers/group.controller.js:1:21)
    at Module._compile (node:internal/modules/cjs/loader:1469:14)
    at Module._extensions..js (node:internal/modules/cjs/loader:1548:10)
    at Module.load (node:internal/modules/cjs/loader:1288:32)
    at Module._load (node:internal/modules/cjs/loader:1104:12)
    at Module.require (node:internal/modules/cjs/loader:1311:19)
2025-12-05 04:09:51 [[31merror[39m]: Error: read ETIMEDOUT
    at TLSWrap.onStreamRead (node:internal/stream_base_commons:218:20)
2025-12-05 12:06:41 [[31merror[39m]: ReferenceError: authenticateToken is not defined
    at Object.<anonymous> (/Users/suraj.kumar/Desktop/splibuddyserver/src/routes/group.routes.js:62:5)
    at Module._compile (node:internal/modules/cjs/loader:1469:14)
    at Module._extensions..js (node:internal/modules/cjs/loader:1548:10)
    at Module.load (node:internal/modules/cjs/loader:1288:32)
    at Module._load (node:internal/modules/cjs/loader:1104:12)
    at Module.require (node:internal/modules/cjs/loader:1311:19)
    at require (node:internal/modules/helpers:179:18)
    at Object.<anonymous> (/Users/suraj.kumar/Desktop/splibuddyserver/src/routes/index.js:7:21)
    at Module._compile (node:internal/modules/cjs/loader:1469:14)
    at Module._extensions..js (node:internal/modules/cjs/loader:1548:10)
2025-12-05 12:09:37 [[31merror[39m]: Error: Connection terminated due to connection timeout
    at /Users/suraj.kumar/Desktop/splibuddyserver/node_modules/pg-pool/index.js:45:11
    at process.processTicksAndRejections (node:internal/process/task_queues:95:5)
    at async testConnection (/Users/suraj.kumar/Desktop/splibuddyserver/src/config/database.js:73:7)
    at async startServer (/Users/suraj.kumar/Desktop/splibuddyserver/local-server.js:9:5)
2025-12-05 12:12:24 [[31merror[39m]: Error: Connection terminated due to connection timeout
    at /Users/suraj.kumar/Desktop/splibuddyserver/node_modules/pg-pool/index.js:45:11
    at process.processTicksAndRejections (node:internal/process/task_queues:95:5)
    at async testConnection (/Users/suraj.kumar/Desktop/splibuddyserver/src/config/database.js:73:7)
    at async startServer (/Users/suraj.kumar/Desktop/splibuddyserver/local-server.js:9:5)
2025-12-05 12:28:57 [[31merror[39m]: Error: read ETIMEDOUT
    at TLSWrap.onStreamRead (node:internal/stream_base_commons:218:20)
2025-12-05 12:44:31 [[31merror[39m]: /Users/suraj.kumar/Desktop/splibuddyserver/src/services/expense.service.js:6
    this.client;
        ^

SyntaxError: Unexpected token '.'
    at wrapSafe (node:internal/modules/cjs/loader:1378:20)
    at Module._compile (node:internal/modules/cjs/loader:1428:41)
    at Module._extensions..js (node:internal/modules/cjs/loader:1548:10)
    at Module.load (node:internal/modules/cjs/loader:1288:32)
    at Module._load (node:internal/modules/cjs/loader:1104:12)
    at Module.require (node:internal/modules/cjs/loader:1311:19)
    at require (node:internal/modules/helpers:179:18)
    at Object.<anonymous> (/Users/suraj.kumar/Desktop/splibuddyserver/src/controllers/expense.controller.js:1:24)
    at Module._compile (node:internal/modules/cjs/loader:1469:14)
    at Module._extensions..js (node:internal/modules/cjs/loader:1548:10)
2025-12-05 12:44:41 [[31merror[39m]: /Users/suraj.kumar/Desktop/splibuddyserver/src/services/expense.service.js:96
    const this.client = await pool.connect();
          ^^^^

SyntaxError: Unexpected token 'this'
    at wrapSafe (node:internal/modules/cjs/loader:1378:20)
    at Module._compile (node:internal/modules/cjs/loader:1428:41)
    at Module._extensions..js (node:internal/modules/cjs/loader:1548:10)
    at Module.load (node:internal/modules/cjs/loader:1288:32)
    at Module._load (node:internal/modules/cjs/loader:1104:12)
    at Module.require (node:internal/modules/cjs/loader:1311:19)
    at require (node:internal/modules/helpers:179:18)
    at Object.<anonymous> (/Users/suraj.kumar/Desktop/splibuddyserver/src/controllers/expense.controller.js:1:24)
    at Module._compile (node:internal/modules/cjs/loader:1469:14)
    at Module._extensions..js (node:internal/modules/cjs/loader:1548:10)
2025-12-05 12:44:43 [[31merror[39m]: /Users/suraj.kumar/Desktop/splibuddyserver/src/services/expense.service.js:96
        const this.client = await pool.connect();
              ^^^^

SyntaxError: Unexpected token 'this'
    at wrapSafe (node:internal/modules/cjs/loader:1378:20)
    at Module._compile (node:internal/modules/cjs/loader:1428:41)
    at Module._extensions..js (node:internal/modules/cjs/loader:1548:10)
    at Module.load (node:internal/modules/cjs/loader:1288:32)
    at Module._load (node:internal/modules/cjs/loader:1104:12)
    at Module.require (node:internal/modules/cjs/loader:1311:19)
    at require (node:internal/modules/helpers:179:18)
    at Object.<anonymous> (/Users/suraj.kumar/Desktop/splibuddyserver/src/controllers/expense.controller.js:1:24)
    at Module._compile (node:internal/modules/cjs/loader:1469:14)
    at Module._extensions..js (node:internal/modules/cjs/loader:1548:10)
2025-12-05 12:55:38 [[31merror[39m]: Error: Connection terminated due to connection timeout
    at /Users/suraj.kumar/Desktop/splibuddyserver/node_modules/pg-pool/index.js:45:11
    at process.processTicksAndRejections (node:internal/process/task_queues:95:5)
    at async testConnection (/Users/suraj.kumar/Desktop/splibuddyserver/src/config/database.js:73:7)
    at async startServer (/Users/suraj.kumar/Desktop/splibuddyserver/local-server.js:9:5)
2025-12-05 13:06:22 [[31merror[39m]: Error: getaddrinfo ENOTFOUND ep-wispy-cell-aedtwo25-pooler.c-2.us-east-2.aws.neon.tech
    at /Users/suraj.kumar/Desktop/splibuddyserver/node_modules/pg-pool/index.js:45:11
    at process.processTicksAndRejections (node:internal/process/task_queues:95:5)
    at async testConnection (/Users/suraj.kumar/Desktop/splibuddyserver/src/config/database.js:73:7)
    at async startServer (/Users/suraj.kumar/Desktop/splibuddyserver/local-server.js:9:5)
2025-12-05 13:49:49 [[31merror[39m]: Error: read ETIMEDOUT
    at TLSWrap.onStreamRead (node:internal/stream_base_commons:218:20)
2025-12-05 21:53:03 [[31merror[39m]: Error: read ETIMEDOUT
    at TLSWrap.onStreamRead (node:internal/stream_base_commons:218:20)
2025-12-05 22:21:43 [[31merror[39m]: Error: read ETIMEDOUT
    at TLSWrap.onStreamRead (node:internal/stream_base_commons:218:20)
2025-12-05 23:01:50 [[31merror[39m]: Error: read ETIMEDOUT
    at TLSWrap.onStreamRead (node:internal/stream_base_commons:218:20)
2025-12-05 23:19:46 [[31merror[39m]: Error: read ETIMEDOUT
    at TLSWrap.onStreamRead (node:internal/stream_base_commons:218:20)
2025-12-05 23:26:08 [[31merror[39m]: Error: Connection terminated due to connection timeout
    at /Users/suraj.kumar/Desktop/splibuddyserver/node_modules/pg-pool/index.js:45:11
    at process.processTicksAndRejections (node:internal/process/task_queues:95:5)
    at async testConnection (/Users/suraj.kumar/Desktop/splibuddyserver/src/config/database.js:73:7)
    at async startServer (/Users/suraj.kumar/Desktop/splibuddyserver/local-server.js:9:5)
2025-12-05 23:26:23 [[31merror[39m]: Error: Connection terminated due to connection timeout
    at /Users/suraj.kumar/Desktop/splibuddyserver/node_modules/pg-pool/index.js:45:11
    at process.processTicksAndRejections (node:internal/process/task_queues:95:5)
    at async testConnection (/Users/suraj.kumar/Desktop/splibuddyserver/src/config/database.js:73:7)
    at async startServer (/Users/suraj.kumar/Desktop/splibuddyserver/local-server.js:9:5)
2025-12-08 11:33:39 [[31merror[39m]: Error: read ETIMEDOUT
    at TLSWrap.onStreamRead (node:internal/stream_base_commons:218:20)
2025-12-08 12:30:22 [[31merror[39m]: Error: read ETIMEDOUT
    at TLSWrap.onStreamRead (node:internal/stream_base_commons:218:20)
2025-12-08 13:48:27 [[31merror[39m]: Error: read ETIMEDOUT
    at TLSWrap.onStreamRead (node:internal/stream_base_commons:218:20)
2025-12-08 15:20:05 [[31merror[39m]: Error: read ETIMEDOUT
    at TLSWrap.onStreamRead (node:internal/stream_base_commons:218:20)
2025-12-08 15:47:10 [[31merror[39m]: Error: read ETIMEDOUT
    at TLSWrap.onStreamRead (node:internal/stream_base_commons:218:20)
2025-12-08 19:33:03 [[31merror[39m]: Error: read ETIMEDOUT
    at TLSWrap.onStreamRead (node:internal/stream_base_commons:218:20)
